[debug] [2019-02-24T13:49:50.341Z] ----------------------------------------------------------------------
[debug] [2019-02-24T13:49:50.343Z] Command:       /usr/local/bin/node /usr/local/bin/firebase deploy
[debug] [2019-02-24T13:49:50.344Z] CLI Version:   6.4.0
[debug] [2019-02-24T13:49:50.344Z] Platform:      darwin
[debug] [2019-02-24T13:49:50.344Z] Node Version:  v11.4.0
[debug] [2019-02-24T13:49:50.345Z] Time:          Sun Feb 24 2019 14:49:50 GMT+0100 (GMT+01:00)
[debug] [2019-02-24T13:49:50.345Z] ----------------------------------------------------------------------
[debug] 
[debug] [2019-02-24T13:49:50.355Z] > command requires scopes: ["email","openid","https://www.googleapis.com/auth/cloudplatformprojects.readonly","https://www.googleapis.com/auth/firebase","https://www.googleapis.com/auth/cloud-platform"]
[debug] [2019-02-24T13:49:50.356Z] > authorizing via signed-in user
[debug] [2019-02-24T13:49:50.356Z] [iam] checking project personnalsite-c7bef for permissions ["cloudfunctions.functions.create","cloudfunctions.functions.delete","cloudfunctions.functions.get","cloudfunctions.functions.list","cloudfunctions.functions.update","cloudfunctions.operations.get","firebase.projects.get","firebasehosting.sites.update"]
[debug] [2019-02-24T13:49:50.357Z] >>> HTTP REQUEST POST https://cloudresourcemanager.googleapis.com/v1/projects/personnalsite-c7bef:testIamPermissions  

[debug] [2019-02-24T13:49:51.213Z] <<< HTTP RESPONSE 200
[debug] [2019-02-24T13:49:51.215Z] >>> HTTP REQUEST GET https://firebase.googleapis.com/v1beta1/projects/personnalsite-c7bef  
 
[debug] [2019-02-24T13:49:51.460Z] <<< HTTP RESPONSE 200
[info] 
[info] === Deploying to 'personnalsite-c7bef'...
[info] 
[info] i  deploying functions, hosting
[debug] [2019-02-24T13:49:53.690Z] > [functions] package.json contents: {
  "name": "functions",
  "description": "Cloud Functions for Firebase",
  "scripts": {
    "serve": "firebase serve --only functions",
    "shell": "firebase functions:shell",
    "start": "npm run shell",
    "deploy": "firebase deploy --only functions",
    "logs": "firebase functions:log"
  },
  "dependencies": {
    "@sendgrid/mail": "^6.3.1",
    "cors": "^2.8.5",
    "firebase-admin": "~7.0.0",
    "firebase-functions": "^2.2.0",
    "gmail-send": "^1.2.14",
    "sendgrid": "^5.2.3"
  },
  "private": true
}
[info] i  functions: ensuring necessary APIs are enabled...
[debug] [2019-02-24T13:49:53.691Z] >>> HTTP REQUEST GET https://servicemanagement.googleapis.com/v1/services/cloudfunctions.googleapis.com/projectSettings/personnalsite-c7bef?view=CONSUMER_VIEW  
 
[debug] [2019-02-24T13:49:53.692Z] >>> HTTP REQUEST GET https://servicemanagement.googleapis.com/v1/services/runtimeconfig.googleapis.com/projectSettings/personnalsite-c7bef?view=CONSUMER_VIEW  
 
[debug] [2019-02-24T13:49:55.270Z] <<< HTTP RESPONSE 200
[debug] [2019-02-24T13:49:55.299Z] <<< HTTP RESPONSE 200
[info] ✔  functions: all necessary APIs are enabled
[debug] [2019-02-24T13:49:55.300Z] >>> HTTP REQUEST GET https://cloudresourcemanager.googleapis.com/v1/projects/personnalsite-c7bef  
 
[debug] [2019-02-24T13:49:56.045Z] <<< HTTP RESPONSE 200
[debug] [2019-02-24T13:49:56.046Z] >>> HTTP REQUEST GET https://mobilesdk-pa.googleapis.com/v1/projects/112766031494:getServerAppConfig  
 
[debug] [2019-02-24T13:49:56.242Z] <<< HTTP RESPONSE 200
[debug] [2019-02-24T13:49:56.244Z] >>> HTTP REQUEST POST https://firebasehosting.googleapis.com/v1beta1/sites/personnalsite-c7bef/versions  

